[2023-06-06 11:13:02,207] : [root] : [INFO] : [yaml file: configs\config.yaml loaded successfully]
[2023-06-06 11:13:02,208] : [root] : [INFO] : [created directory at: artifacts]
[2023-06-06 11:13:02,208] : [root] : [INFO] : [created directory at: artifacts/data_ingestion]
[2023-06-06 11:13:02,209] : [root] : [INFO] : [created directory at: artifacts/data_ingestion/crop_images]
[2023-06-06 11:13:02,210] : [root] : [INFO] : [created directory at: artifacts/data_ingestion/images]
[2023-06-06 11:13:02,211] : [root] : [INFO] : [created directory at: artifacts/data_ingestion/webcam_images]
[2023-06-06 11:13:02,213] : [root] : [INFO] : [created directory at: artifacts/data_ingestion/decode_images]
[2023-06-06 11:13:02,214] : [root] : [INFO] : [created directory at: artifacts/data_ingestion/unknown_images]
[2023-06-06 11:13:02,348] : [matplotlib] : [DEBUG] : [matplotlib data path: C:\Users\Zeeshan.khan\AppData\Local\anaconda3\envs\flora\lib\site-packages\matplotlib\mpl-data]
[2023-06-06 11:13:02,353] : [matplotlib] : [DEBUG] : [CONFIGDIR=C:\Users\Zeeshan.khan\.matplotlib]
[2023-06-06 11:13:02,356] : [matplotlib] : [DEBUG] : [interactive is False]
[2023-06-06 11:13:02,357] : [matplotlib] : [DEBUG] : [platform is win32]
[2023-06-06 11:13:02,417] : [matplotlib] : [DEBUG] : [CACHEDIR=C:\Users\Zeeshan.khan\.matplotlib]
[2023-06-06 11:13:02,421] : [matplotlib.font_manager] : [DEBUG] : [Using fontManager instance from C:\Users\Zeeshan.khan\.matplotlib\fontlist-v330.json]
[2023-06-06 11:13:03,832] : [root] : [INFO] : [yaml file: configs\config.yaml loaded successfully]
[2023-06-06 11:13:03,832] : [root] : [INFO] : [created directory at: artifacts]
[2023-06-06 11:13:03,834] : [root] : [INFO] : [created directory at: artifacts/data_ingestion]
[2023-06-06 11:13:03,835] : [root] : [INFO] : [created directory at: artifacts/data_ingestion/crop_images]
[2023-06-06 11:13:03,836] : [root] : [INFO] : [created directory at: artifacts/data_ingestion/images]
[2023-06-06 11:13:03,837] : [root] : [INFO] : [created directory at: artifacts/data_ingestion/webcam_images]
[2023-06-06 11:13:03,838] : [root] : [INFO] : [created directory at: artifacts/data_ingestion/decode_images]
[2023-06-06 11:13:03,838] : [root] : [INFO] : [created directory at: artifacts/data_ingestion/unknown_images]
[2023-06-06 11:14:55,167] : [root] : [INFO] : [yaml file: configs\config.yaml loaded successfully]
[2023-06-06 11:14:55,168] : [root] : [INFO] : [created directory at: artifacts]
[2023-06-06 11:14:55,169] : [root] : [INFO] : [created directory at: artifacts/data_ingestion]
[2023-06-06 11:14:55,169] : [root] : [INFO] : [created directory at: artifacts/data_ingestion/crop_images]
[2023-06-06 11:14:55,169] : [root] : [INFO] : [created directory at: artifacts/data_ingestion/images]
[2023-06-06 11:14:55,170] : [root] : [INFO] : [created directory at: artifacts/data_ingestion/webcam_images]
[2023-06-06 11:14:55,170] : [root] : [INFO] : [created directory at: artifacts/data_ingestion/decode_images]
[2023-06-06 11:14:55,171] : [root] : [INFO] : [created directory at: artifacts/data_ingestion/unknown_images]
[2023-06-06 11:14:55,293] : [matplotlib] : [DEBUG] : [matplotlib data path: C:\Users\Zeeshan.khan\AppData\Local\anaconda3\envs\flora\lib\site-packages\matplotlib\mpl-data]
[2023-06-06 11:14:55,299] : [matplotlib] : [DEBUG] : [CONFIGDIR=C:\Users\Zeeshan.khan\.matplotlib]
[2023-06-06 11:14:55,302] : [matplotlib] : [DEBUG] : [interactive is False]
[2023-06-06 11:14:55,303] : [matplotlib] : [DEBUG] : [platform is win32]
[2023-06-06 11:14:55,364] : [matplotlib] : [DEBUG] : [CACHEDIR=C:\Users\Zeeshan.khan\.matplotlib]
[2023-06-06 11:14:55,367] : [matplotlib.font_manager] : [DEBUG] : [Using fontManager instance from C:\Users\Zeeshan.khan\.matplotlib\fontlist-v330.json]
[2023-06-06 11:14:56,882] : [root] : [INFO] : [yaml file: configs\config.yaml loaded successfully]
[2023-06-06 11:14:56,883] : [root] : [INFO] : [created directory at: artifacts]
[2023-06-06 11:14:56,883] : [root] : [INFO] : [created directory at: artifacts/data_ingestion]
[2023-06-06 11:14:56,884] : [root] : [INFO] : [created directory at: artifacts/data_ingestion/crop_images]
[2023-06-06 11:14:56,885] : [root] : [INFO] : [created directory at: artifacts/data_ingestion/images]
[2023-06-06 11:14:56,885] : [root] : [INFO] : [created directory at: artifacts/data_ingestion/webcam_images]
[2023-06-06 11:14:56,886] : [root] : [INFO] : [created directory at: artifacts/data_ingestion/decode_images]
[2023-06-06 11:14:56,887] : [root] : [INFO] : [created directory at: artifacts/data_ingestion/unknown_images]
[2023-06-06 11:16:51,773] : [root] : [INFO] : [yaml file: configs\config.yaml loaded successfully]
[2023-06-06 11:16:51,774] : [root] : [INFO] : [created directory at: artifacts]
[2023-06-06 11:16:51,775] : [root] : [INFO] : [created directory at: artifacts/data_ingestion]
[2023-06-06 11:16:51,776] : [root] : [INFO] : [created directory at: artifacts/data_ingestion/crop_images]
[2023-06-06 11:16:51,777] : [root] : [INFO] : [created directory at: artifacts/data_ingestion/images]
[2023-06-06 11:16:51,777] : [root] : [INFO] : [created directory at: artifacts/data_ingestion/webcam_images]
[2023-06-06 11:16:51,778] : [root] : [INFO] : [created directory at: artifacts/data_ingestion/decode_images]
[2023-06-06 11:16:51,779] : [root] : [INFO] : [created directory at: artifacts/data_ingestion/unknown_images]
[2023-06-06 11:16:51,908] : [matplotlib] : [DEBUG] : [matplotlib data path: C:\Users\Zeeshan.khan\AppData\Local\anaconda3\envs\flora\lib\site-packages\matplotlib\mpl-data]
[2023-06-06 11:16:51,916] : [matplotlib] : [DEBUG] : [CONFIGDIR=C:\Users\Zeeshan.khan\.matplotlib]
[2023-06-06 11:16:51,920] : [matplotlib] : [DEBUG] : [interactive is False]
[2023-06-06 11:16:51,921] : [matplotlib] : [DEBUG] : [platform is win32]
[2023-06-06 11:16:51,979] : [matplotlib] : [DEBUG] : [CACHEDIR=C:\Users\Zeeshan.khan\.matplotlib]
[2023-06-06 11:16:51,982] : [matplotlib.font_manager] : [DEBUG] : [Using fontManager instance from C:\Users\Zeeshan.khan\.matplotlib\fontlist-v330.json]
[2023-06-06 11:16:53,330] : [root] : [INFO] : [yaml file: configs\config.yaml loaded successfully]
[2023-06-06 11:16:53,332] : [root] : [INFO] : [created directory at: artifacts]
[2023-06-06 11:16:53,333] : [root] : [INFO] : [created directory at: artifacts/data_ingestion]
[2023-06-06 11:16:53,334] : [root] : [INFO] : [created directory at: artifacts/data_ingestion/crop_images]
[2023-06-06 11:16:53,334] : [root] : [INFO] : [created directory at: artifacts/data_ingestion/images]
[2023-06-06 11:16:53,335] : [root] : [INFO] : [created directory at: artifacts/data_ingestion/webcam_images]
[2023-06-06 11:16:53,336] : [root] : [INFO] : [created directory at: artifacts/data_ingestion/decode_images]
[2023-06-06 11:16:53,337] : [root] : [INFO] : [created directory at: artifacts/data_ingestion/unknown_images]
[2023-06-06 11:25:31,094] : [root] : [INFO] : [yaml file: configs\config.yaml loaded successfully]
[2023-06-06 11:25:31,095] : [root] : [INFO] : [created directory at: artifacts]
[2023-06-06 11:25:31,096] : [root] : [INFO] : [created directory at: artifacts/data_ingestion]
[2023-06-06 11:25:31,097] : [root] : [INFO] : [created directory at: artifacts/data_ingestion/crop_images]
[2023-06-06 11:25:31,097] : [root] : [INFO] : [created directory at: artifacts/data_ingestion/images]
[2023-06-06 11:25:31,098] : [root] : [INFO] : [created directory at: artifacts/data_ingestion/webcam_images]
[2023-06-06 11:25:31,099] : [root] : [INFO] : [created directory at: artifacts/data_ingestion/decode_images]
[2023-06-06 11:25:31,100] : [root] : [INFO] : [created directory at: artifacts/data_ingestion/unknown_images]
[2023-06-06 11:25:31,230] : [matplotlib] : [DEBUG] : [matplotlib data path: C:\Users\Zeeshan.khan\AppData\Local\anaconda3\envs\flora\lib\site-packages\matplotlib\mpl-data]
[2023-06-06 11:25:31,238] : [matplotlib] : [DEBUG] : [CONFIGDIR=C:\Users\Zeeshan.khan\.matplotlib]
[2023-06-06 11:25:31,242] : [matplotlib] : [DEBUG] : [interactive is False]
[2023-06-06 11:25:31,243] : [matplotlib] : [DEBUG] : [platform is win32]
[2023-06-06 11:25:31,301] : [matplotlib] : [DEBUG] : [CACHEDIR=C:\Users\Zeeshan.khan\.matplotlib]
[2023-06-06 11:25:31,305] : [matplotlib.font_manager] : [DEBUG] : [Using fontManager instance from C:\Users\Zeeshan.khan\.matplotlib\fontlist-v330.json]
[2023-06-06 11:25:32,664] : [root] : [INFO] : [yaml file: configs\config.yaml loaded successfully]
[2023-06-06 11:25:32,666] : [root] : [INFO] : [created directory at: artifacts]
[2023-06-06 11:25:32,667] : [root] : [INFO] : [created directory at: artifacts/data_ingestion]
[2023-06-06 11:25:32,667] : [root] : [INFO] : [created directory at: artifacts/data_ingestion/crop_images]
[2023-06-06 11:25:32,668] : [root] : [INFO] : [created directory at: artifacts/data_ingestion/images]
[2023-06-06 11:25:32,669] : [root] : [INFO] : [created directory at: artifacts/data_ingestion/webcam_images]
[2023-06-06 11:25:32,670] : [root] : [INFO] : [created directory at: artifacts/data_ingestion/decode_images]
[2023-06-06 11:25:32,671] : [root] : [INFO] : [created directory at: artifacts/data_ingestion/unknown_images]
[2023-06-06 11:26:30,731] : [root] : [INFO] : [yaml file: configs\config.yaml loaded successfully]
[2023-06-06 11:26:30,732] : [root] : [INFO] : [created directory at: artifacts]
[2023-06-06 11:26:30,733] : [root] : [INFO] : [created directory at: artifacts/data_ingestion]
[2023-06-06 11:26:30,734] : [root] : [INFO] : [created directory at: artifacts/data_ingestion/crop_images]
[2023-06-06 11:26:30,735] : [root] : [INFO] : [created directory at: artifacts/data_ingestion/images]
[2023-06-06 11:26:30,735] : [root] : [INFO] : [created directory at: artifacts/data_ingestion/webcam_images]
[2023-06-06 11:26:30,736] : [root] : [INFO] : [created directory at: artifacts/data_ingestion/decode_images]
[2023-06-06 11:26:30,737] : [root] : [INFO] : [created directory at: artifacts/data_ingestion/unknown_images]
[2023-06-06 11:26:30,871] : [matplotlib] : [DEBUG] : [matplotlib data path: C:\Users\Zeeshan.khan\AppData\Local\anaconda3\envs\flora\lib\site-packages\matplotlib\mpl-data]
[2023-06-06 11:26:30,879] : [matplotlib] : [DEBUG] : [CONFIGDIR=C:\Users\Zeeshan.khan\.matplotlib]
[2023-06-06 11:26:30,883] : [matplotlib] : [DEBUG] : [interactive is False]
[2023-06-06 11:26:30,884] : [matplotlib] : [DEBUG] : [platform is win32]
[2023-06-06 11:26:30,943] : [matplotlib] : [DEBUG] : [CACHEDIR=C:\Users\Zeeshan.khan\.matplotlib]
[2023-06-06 11:26:30,948] : [matplotlib.font_manager] : [DEBUG] : [Using fontManager instance from C:\Users\Zeeshan.khan\.matplotlib\fontlist-v330.json]
[2023-06-06 11:26:32,277] : [root] : [INFO] : [yaml file: configs\config.yaml loaded successfully]
[2023-06-06 11:26:32,279] : [root] : [INFO] : [created directory at: artifacts]
[2023-06-06 11:26:32,279] : [root] : [INFO] : [created directory at: artifacts/data_ingestion]
[2023-06-06 11:26:32,280] : [root] : [INFO] : [created directory at: artifacts/data_ingestion/crop_images]
[2023-06-06 11:26:32,281] : [root] : [INFO] : [created directory at: artifacts/data_ingestion/images]
[2023-06-06 11:26:32,283] : [root] : [INFO] : [created directory at: artifacts/data_ingestion/webcam_images]
[2023-06-06 11:26:32,284] : [root] : [INFO] : [created directory at: artifacts/data_ingestion/decode_images]
[2023-06-06 11:26:32,285] : [root] : [INFO] : [created directory at: artifacts/data_ingestion/unknown_images]
[2023-06-06 11:38:57,608] : [root] : [INFO] : [yaml file: configs\config.yaml loaded successfully]
[2023-06-06 11:38:57,609] : [root] : [INFO] : [created directory at: artifacts]
[2023-06-06 11:38:57,609] : [root] : [INFO] : [created directory at: artifacts/data_ingestion]
[2023-06-06 11:38:57,610] : [root] : [INFO] : [created directory at: artifacts/data_ingestion/crop_images]
[2023-06-06 11:38:57,610] : [root] : [INFO] : [created directory at: artifacts/data_ingestion/images]
[2023-06-06 11:38:57,611] : [root] : [INFO] : [created directory at: artifacts/data_ingestion/webcam_images]
[2023-06-06 11:38:57,611] : [root] : [INFO] : [created directory at: artifacts/data_ingestion/decode_images]
[2023-06-06 11:38:57,612] : [root] : [INFO] : [created directory at: artifacts/data_ingestion/unknown_images]
[2023-06-06 11:38:57,998] : [matplotlib] : [DEBUG] : [matplotlib data path: C:\Users\Zeeshan.khan\AppData\Local\anaconda3\envs\flora\lib\site-packages\matplotlib\mpl-data]
[2023-06-06 11:38:58,010] : [matplotlib] : [DEBUG] : [CONFIGDIR=C:\Users\Zeeshan.khan\.matplotlib]
[2023-06-06 11:38:58,012] : [matplotlib] : [DEBUG] : [interactive is False]
[2023-06-06 11:38:58,013] : [matplotlib] : [DEBUG] : [platform is win32]
[2023-06-06 11:38:58,128] : [matplotlib] : [DEBUG] : [CACHEDIR=C:\Users\Zeeshan.khan\.matplotlib]
[2023-06-06 11:38:58,141] : [matplotlib.font_manager] : [DEBUG] : [Using fontManager instance from C:\Users\Zeeshan.khan\.matplotlib\fontlist-v330.json]
[2023-06-06 11:38:59,941] : [root] : [INFO] : [yaml file: configs\config.yaml loaded successfully]
[2023-06-06 11:38:59,942] : [root] : [INFO] : [created directory at: artifacts]
[2023-06-06 11:38:59,943] : [root] : [INFO] : [created directory at: artifacts/data_ingestion]
[2023-06-06 11:38:59,944] : [root] : [INFO] : [created directory at: artifacts/data_ingestion/crop_images]
[2023-06-06 11:38:59,945] : [root] : [INFO] : [created directory at: artifacts/data_ingestion/images]
[2023-06-06 11:38:59,945] : [root] : [INFO] : [created directory at: artifacts/data_ingestion/webcam_images]
[2023-06-06 11:38:59,946] : [root] : [INFO] : [created directory at: artifacts/data_ingestion/decode_images]
[2023-06-06 11:38:59,947] : [root] : [INFO] : [created directory at: artifacts/data_ingestion/unknown_images]
[2023-06-06 11:40:00,493] : [root] : [INFO] : [yaml file: configs\config.yaml loaded successfully]
[2023-06-06 11:40:00,495] : [root] : [INFO] : [created directory at: artifacts]
[2023-06-06 11:40:00,496] : [root] : [INFO] : [created directory at: artifacts/data_ingestion]
[2023-06-06 11:40:00,497] : [root] : [INFO] : [created directory at: artifacts/data_ingestion/crop_images]
[2023-06-06 11:40:00,498] : [root] : [INFO] : [created directory at: artifacts/data_ingestion/images]
[2023-06-06 11:40:00,499] : [root] : [INFO] : [created directory at: artifacts/data_ingestion/webcam_images]
[2023-06-06 11:40:00,499] : [root] : [INFO] : [created directory at: artifacts/data_ingestion/decode_images]
[2023-06-06 11:40:00,500] : [root] : [INFO] : [created directory at: artifacts/data_ingestion/unknown_images]
[2023-06-06 11:40:00,630] : [matplotlib] : [DEBUG] : [matplotlib data path: C:\Users\Zeeshan.khan\AppData\Local\anaconda3\envs\flora\lib\site-packages\matplotlib\mpl-data]
[2023-06-06 11:40:00,637] : [matplotlib] : [DEBUG] : [CONFIGDIR=C:\Users\Zeeshan.khan\.matplotlib]
[2023-06-06 11:40:00,641] : [matplotlib] : [DEBUG] : [interactive is False]
[2023-06-06 11:40:00,641] : [matplotlib] : [DEBUG] : [platform is win32]
[2023-06-06 11:40:00,697] : [matplotlib] : [DEBUG] : [CACHEDIR=C:\Users\Zeeshan.khan\.matplotlib]
[2023-06-06 11:40:00,701] : [matplotlib.font_manager] : [DEBUG] : [Using fontManager instance from C:\Users\Zeeshan.khan\.matplotlib\fontlist-v330.json]
[2023-06-06 11:40:02,051] : [root] : [INFO] : [yaml file: configs\config.yaml loaded successfully]
[2023-06-06 11:40:02,052] : [root] : [INFO] : [created directory at: artifacts]
[2023-06-06 11:40:02,053] : [root] : [INFO] : [created directory at: artifacts/data_ingestion]
[2023-06-06 11:40:02,054] : [root] : [INFO] : [created directory at: artifacts/data_ingestion/crop_images]
[2023-06-06 11:40:02,055] : [root] : [INFO] : [created directory at: artifacts/data_ingestion/images]
[2023-06-06 11:40:02,055] : [root] : [INFO] : [created directory at: artifacts/data_ingestion/webcam_images]
[2023-06-06 11:40:02,056] : [root] : [INFO] : [created directory at: artifacts/data_ingestion/decode_images]
[2023-06-06 11:40:02,057] : [root] : [INFO] : [created directory at: artifacts/data_ingestion/unknown_images]
[2023-06-06 11:41:39,670] : [root] : [INFO] : [yaml file: configs\config.yaml loaded successfully]
[2023-06-06 11:41:39,672] : [root] : [INFO] : [created directory at: artifacts]
[2023-06-06 11:41:39,673] : [root] : [INFO] : [created directory at: artifacts/data_ingestion]
[2023-06-06 11:41:39,674] : [root] : [INFO] : [created directory at: artifacts/data_ingestion/crop_images]
[2023-06-06 11:41:39,674] : [root] : [INFO] : [created directory at: artifacts/data_ingestion/images]
[2023-06-06 11:41:39,675] : [root] : [INFO] : [created directory at: artifacts/data_ingestion/webcam_images]
[2023-06-06 11:41:39,676] : [root] : [INFO] : [created directory at: artifacts/data_ingestion/decode_images]
[2023-06-06 11:41:39,677] : [root] : [INFO] : [created directory at: artifacts/data_ingestion/unknown_images]
[2023-06-06 11:41:39,805] : [matplotlib] : [DEBUG] : [matplotlib data path: C:\Users\Zeeshan.khan\AppData\Local\anaconda3\envs\flora\lib\site-packages\matplotlib\mpl-data]
[2023-06-06 11:41:39,812] : [matplotlib] : [DEBUG] : [CONFIGDIR=C:\Users\Zeeshan.khan\.matplotlib]
[2023-06-06 11:41:39,816] : [matplotlib] : [DEBUG] : [interactive is False]
[2023-06-06 11:41:39,816] : [matplotlib] : [DEBUG] : [platform is win32]
[2023-06-06 11:41:39,873] : [matplotlib] : [DEBUG] : [CACHEDIR=C:\Users\Zeeshan.khan\.matplotlib]
[2023-06-06 11:41:39,877] : [matplotlib.font_manager] : [DEBUG] : [Using fontManager instance from C:\Users\Zeeshan.khan\.matplotlib\fontlist-v330.json]
[2023-06-06 11:41:41,207] : [root] : [INFO] : [yaml file: configs\config.yaml loaded successfully]
[2023-06-06 11:41:41,208] : [root] : [INFO] : [created directory at: artifacts]
[2023-06-06 11:41:41,208] : [root] : [INFO] : [created directory at: artifacts/data_ingestion]
[2023-06-06 11:41:41,209] : [root] : [INFO] : [created directory at: artifacts/data_ingestion/crop_images]
[2023-06-06 11:41:41,210] : [root] : [INFO] : [created directory at: artifacts/data_ingestion/images]
[2023-06-06 11:41:41,210] : [root] : [INFO] : [created directory at: artifacts/data_ingestion/webcam_images]
[2023-06-06 11:41:41,211] : [root] : [INFO] : [created directory at: artifacts/data_ingestion/decode_images]
[2023-06-06 11:41:41,212] : [root] : [INFO] : [created directory at: artifacts/data_ingestion/unknown_images]
[2023-06-06 11:49:45,946] : [root] : [INFO] : [yaml file: configs\config.yaml loaded successfully]
[2023-06-06 11:49:45,947] : [root] : [INFO] : [created directory at: artifacts]
[2023-06-06 11:49:45,948] : [root] : [INFO] : [created directory at: artifacts/data_ingestion]
[2023-06-06 11:49:45,949] : [root] : [INFO] : [created directory at: artifacts/data_ingestion/crop_images]
[2023-06-06 11:49:45,949] : [root] : [INFO] : [created directory at: artifacts/data_ingestion/images]
[2023-06-06 11:49:45,950] : [root] : [INFO] : [created directory at: artifacts/data_ingestion/webcam_images]
[2023-06-06 11:49:45,951] : [root] : [INFO] : [created directory at: artifacts/data_ingestion/decode_images]
[2023-06-06 11:49:45,951] : [root] : [INFO] : [created directory at: artifacts/data_ingestion/unknown_images]
[2023-06-06 11:49:46,078] : [matplotlib] : [DEBUG] : [matplotlib data path: C:\Users\Zeeshan.khan\AppData\Local\anaconda3\envs\flora\lib\site-packages\matplotlib\mpl-data]
[2023-06-06 11:49:46,083] : [matplotlib] : [DEBUG] : [CONFIGDIR=C:\Users\Zeeshan.khan\.matplotlib]
[2023-06-06 11:49:46,087] : [matplotlib] : [DEBUG] : [interactive is False]
[2023-06-06 11:49:46,087] : [matplotlib] : [DEBUG] : [platform is win32]
[2023-06-06 11:49:46,142] : [matplotlib] : [DEBUG] : [CACHEDIR=C:\Users\Zeeshan.khan\.matplotlib]
[2023-06-06 11:49:46,148] : [matplotlib.font_manager] : [DEBUG] : [Using fontManager instance from C:\Users\Zeeshan.khan\.matplotlib\fontlist-v330.json]
[2023-06-06 11:49:47,514] : [root] : [INFO] : [yaml file: configs\config.yaml loaded successfully]
[2023-06-06 11:49:47,515] : [root] : [INFO] : [created directory at: artifacts]
[2023-06-06 11:49:47,516] : [root] : [INFO] : [created directory at: artifacts/data_ingestion]
[2023-06-06 11:49:47,517] : [root] : [INFO] : [created directory at: artifacts/data_ingestion/crop_images]
[2023-06-06 11:49:47,517] : [root] : [INFO] : [created directory at: artifacts/data_ingestion/images]
[2023-06-06 11:49:47,518] : [root] : [INFO] : [created directory at: artifacts/data_ingestion/webcam_images]
[2023-06-06 11:49:47,519] : [root] : [INFO] : [created directory at: artifacts/data_ingestion/decode_images]
[2023-06-06 11:49:47,520] : [root] : [INFO] : [created directory at: artifacts/data_ingestion/unknown_images]
[2023-06-06 11:50:08,533] : [root] : [INFO] : [yaml file: configs\config.yaml loaded successfully]
[2023-06-06 11:50:08,534] : [root] : [INFO] : [created directory at: artifacts]
[2023-06-06 11:50:08,535] : [root] : [INFO] : [created directory at: artifacts/data_ingestion]
[2023-06-06 11:50:08,536] : [root] : [INFO] : [created directory at: artifacts/data_ingestion/crop_images]
[2023-06-06 11:50:08,538] : [root] : [INFO] : [created directory at: artifacts/data_ingestion/images]
[2023-06-06 11:50:08,538] : [root] : [INFO] : [created directory at: artifacts/data_ingestion/webcam_images]
[2023-06-06 11:50:08,540] : [root] : [INFO] : [created directory at: artifacts/data_ingestion/decode_images]
[2023-06-06 11:50:08,541] : [root] : [INFO] : [created directory at: artifacts/data_ingestion/unknown_images]
[2023-06-06 11:50:08,678] : [matplotlib] : [DEBUG] : [matplotlib data path: C:\Users\Zeeshan.khan\AppData\Local\anaconda3\envs\flora\lib\site-packages\matplotlib\mpl-data]
[2023-06-06 11:50:08,686] : [matplotlib] : [DEBUG] : [CONFIGDIR=C:\Users\Zeeshan.khan\.matplotlib]
[2023-06-06 11:50:08,688] : [matplotlib] : [DEBUG] : [interactive is False]
[2023-06-06 11:50:08,689] : [matplotlib] : [DEBUG] : [platform is win32]
[2023-06-06 11:50:08,751] : [matplotlib] : [DEBUG] : [CACHEDIR=C:\Users\Zeeshan.khan\.matplotlib]
[2023-06-06 11:50:08,755] : [matplotlib.font_manager] : [DEBUG] : [Using fontManager instance from C:\Users\Zeeshan.khan\.matplotlib\fontlist-v330.json]
[2023-06-06 11:50:10,114] : [root] : [INFO] : [yaml file: configs\config.yaml loaded successfully]
[2023-06-06 11:50:10,115] : [root] : [INFO] : [created directory at: artifacts]
[2023-06-06 11:50:10,116] : [root] : [INFO] : [created directory at: artifacts/data_ingestion]
[2023-06-06 11:50:10,117] : [root] : [INFO] : [created directory at: artifacts/data_ingestion/crop_images]
[2023-06-06 11:50:10,118] : [root] : [INFO] : [created directory at: artifacts/data_ingestion/images]
[2023-06-06 11:50:10,118] : [root] : [INFO] : [created directory at: artifacts/data_ingestion/webcam_images]
[2023-06-06 11:50:10,119] : [root] : [INFO] : [created directory at: artifacts/data_ingestion/decode_images]
[2023-06-06 11:50:10,120] : [root] : [INFO] : [created directory at: artifacts/data_ingestion/unknown_images]
[2023-06-06 11:51:50,636] : [root] : [INFO] : [yaml file: configs\config.yaml loaded successfully]
[2023-06-06 11:51:50,637] : [root] : [INFO] : [created directory at: artifacts]
[2023-06-06 11:51:50,638] : [root] : [INFO] : [created directory at: artifacts/data_ingestion]
[2023-06-06 11:51:50,639] : [root] : [INFO] : [created directory at: artifacts/data_ingestion/crop_images]
[2023-06-06 11:51:50,640] : [root] : [INFO] : [created directory at: artifacts/data_ingestion/images]
[2023-06-06 11:51:50,640] : [root] : [INFO] : [created directory at: artifacts/data_ingestion/webcam_images]
[2023-06-06 11:51:50,641] : [root] : [INFO] : [created directory at: artifacts/data_ingestion/decode_images]
[2023-06-06 11:51:50,642] : [root] : [INFO] : [created directory at: artifacts/data_ingestion/unknown_images]
[2023-06-06 11:51:50,771] : [matplotlib] : [DEBUG] : [matplotlib data path: C:\Users\Zeeshan.khan\AppData\Local\anaconda3\envs\flora\lib\site-packages\matplotlib\mpl-data]
[2023-06-06 11:51:50,777] : [matplotlib] : [DEBUG] : [CONFIGDIR=C:\Users\Zeeshan.khan\.matplotlib]
[2023-06-06 11:51:50,781] : [matplotlib] : [DEBUG] : [interactive is False]
[2023-06-06 11:51:50,782] : [matplotlib] : [DEBUG] : [platform is win32]
[2023-06-06 11:51:50,837] : [matplotlib] : [DEBUG] : [CACHEDIR=C:\Users\Zeeshan.khan\.matplotlib]
[2023-06-06 11:51:50,840] : [matplotlib.font_manager] : [DEBUG] : [Using fontManager instance from C:\Users\Zeeshan.khan\.matplotlib\fontlist-v330.json]
[2023-06-06 11:51:52,208] : [root] : [INFO] : [yaml file: configs\config.yaml loaded successfully]
[2023-06-06 11:51:52,209] : [root] : [INFO] : [created directory at: artifacts]
[2023-06-06 11:51:52,210] : [root] : [INFO] : [created directory at: artifacts/data_ingestion]
[2023-06-06 11:51:52,211] : [root] : [INFO] : [created directory at: artifacts/data_ingestion/crop_images]
[2023-06-06 11:51:52,212] : [root] : [INFO] : [created directory at: artifacts/data_ingestion/images]
[2023-06-06 11:51:52,213] : [root] : [INFO] : [created directory at: artifacts/data_ingestion/webcam_images]
[2023-06-06 11:51:52,213] : [root] : [INFO] : [created directory at: artifacts/data_ingestion/decode_images]
[2023-06-06 11:51:52,214] : [root] : [INFO] : [created directory at: artifacts/data_ingestion/unknown_images]
[2023-06-06 11:52:59,616] : [root] : [INFO] : [yaml file: configs\config.yaml loaded successfully]
[2023-06-06 11:52:59,618] : [root] : [INFO] : [created directory at: artifacts]
[2023-06-06 11:52:59,618] : [root] : [INFO] : [created directory at: artifacts/data_ingestion]
[2023-06-06 11:52:59,619] : [root] : [INFO] : [created directory at: artifacts/data_ingestion/crop_images]
[2023-06-06 11:52:59,620] : [root] : [INFO] : [created directory at: artifacts/data_ingestion/images]
[2023-06-06 11:52:59,621] : [root] : [INFO] : [created directory at: artifacts/data_ingestion/webcam_images]
[2023-06-06 11:52:59,622] : [root] : [INFO] : [created directory at: artifacts/data_ingestion/decode_images]
[2023-06-06 11:52:59,622] : [root] : [INFO] : [created directory at: artifacts/data_ingestion/unknown_images]
[2023-06-06 11:52:59,831] : [matplotlib] : [DEBUG] : [matplotlib data path: C:\Users\Zeeshan.khan\AppData\Local\anaconda3\envs\flora\lib\site-packages\matplotlib\mpl-data]
[2023-06-06 11:52:59,837] : [matplotlib] : [DEBUG] : [CONFIGDIR=C:\Users\Zeeshan.khan\.matplotlib]
[2023-06-06 11:52:59,842] : [matplotlib] : [DEBUG] : [interactive is False]
[2023-06-06 11:52:59,842] : [matplotlib] : [DEBUG] : [platform is win32]
[2023-06-06 11:52:59,899] : [matplotlib] : [DEBUG] : [CACHEDIR=C:\Users\Zeeshan.khan\.matplotlib]
[2023-06-06 11:52:59,903] : [matplotlib.font_manager] : [DEBUG] : [Using fontManager instance from C:\Users\Zeeshan.khan\.matplotlib\fontlist-v330.json]
[2023-06-06 11:53:01,435] : [root] : [INFO] : [yaml file: configs\config.yaml loaded successfully]
[2023-06-06 11:53:01,436] : [root] : [INFO] : [created directory at: artifacts]
[2023-06-06 11:53:01,437] : [root] : [INFO] : [created directory at: artifacts/data_ingestion]
[2023-06-06 11:53:01,438] : [root] : [INFO] : [created directory at: artifacts/data_ingestion/crop_images]
[2023-06-06 11:53:01,439] : [root] : [INFO] : [created directory at: artifacts/data_ingestion/images]
[2023-06-06 11:53:01,439] : [root] : [INFO] : [created directory at: artifacts/data_ingestion/webcam_images]
[2023-06-06 11:53:01,440] : [root] : [INFO] : [created directory at: artifacts/data_ingestion/decode_images]
[2023-06-06 11:53:01,441] : [root] : [INFO] : [created directory at: artifacts/data_ingestion/unknown_images]
[2023-06-06 11:53:44,741] : [root] : [INFO] : [yaml file: configs\config.yaml loaded successfully]
[2023-06-06 11:53:44,742] : [root] : [INFO] : [created directory at: artifacts]
[2023-06-06 11:53:44,743] : [root] : [INFO] : [created directory at: artifacts/data_ingestion]
[2023-06-06 11:53:44,745] : [root] : [INFO] : [created directory at: artifacts/data_ingestion/crop_images]
[2023-06-06 11:53:44,746] : [root] : [INFO] : [created directory at: artifacts/data_ingestion/images]
[2023-06-06 11:53:44,747] : [root] : [INFO] : [created directory at: artifacts/data_ingestion/webcam_images]
[2023-06-06 11:53:44,748] : [root] : [INFO] : [created directory at: artifacts/data_ingestion/decode_images]
[2023-06-06 11:53:44,749] : [root] : [INFO] : [created directory at: artifacts/data_ingestion/unknown_images]
[2023-06-06 11:53:44,885] : [matplotlib] : [DEBUG] : [matplotlib data path: C:\Users\Zeeshan.khan\AppData\Local\anaconda3\envs\flora\lib\site-packages\matplotlib\mpl-data]
[2023-06-06 11:53:44,891] : [matplotlib] : [DEBUG] : [CONFIGDIR=C:\Users\Zeeshan.khan\.matplotlib]
[2023-06-06 11:53:44,894] : [matplotlib] : [DEBUG] : [interactive is False]
[2023-06-06 11:53:44,894] : [matplotlib] : [DEBUG] : [platform is win32]
[2023-06-06 11:53:44,957] : [matplotlib] : [DEBUG] : [CACHEDIR=C:\Users\Zeeshan.khan\.matplotlib]
[2023-06-06 11:53:44,962] : [matplotlib.font_manager] : [DEBUG] : [Using fontManager instance from C:\Users\Zeeshan.khan\.matplotlib\fontlist-v330.json]
[2023-06-06 11:53:46,334] : [root] : [INFO] : [yaml file: configs\config.yaml loaded successfully]
[2023-06-06 11:53:46,335] : [root] : [INFO] : [created directory at: artifacts]
[2023-06-06 11:53:46,336] : [root] : [INFO] : [created directory at: artifacts/data_ingestion]
[2023-06-06 11:53:46,337] : [root] : [INFO] : [created directory at: artifacts/data_ingestion/crop_images]
[2023-06-06 11:53:46,337] : [root] : [INFO] : [created directory at: artifacts/data_ingestion/images]
[2023-06-06 11:53:46,338] : [root] : [INFO] : [created directory at: artifacts/data_ingestion/webcam_images]
[2023-06-06 11:53:46,339] : [root] : [INFO] : [created directory at: artifacts/data_ingestion/decode_images]
[2023-06-06 11:53:46,339] : [root] : [INFO] : [created directory at: artifacts/data_ingestion/unknown_images]
[2023-06-06 11:54:06,370] : [root] : [INFO] : [yaml file: configs\config.yaml loaded successfully]
[2023-06-06 11:54:06,371] : [root] : [INFO] : [created directory at: artifacts]
[2023-06-06 11:54:06,372] : [root] : [INFO] : [created directory at: artifacts/data_ingestion]
[2023-06-06 11:54:06,373] : [root] : [INFO] : [created directory at: artifacts/data_ingestion/crop_images]
[2023-06-06 11:54:06,373] : [root] : [INFO] : [created directory at: artifacts/data_ingestion/images]
[2023-06-06 11:54:06,374] : [root] : [INFO] : [created directory at: artifacts/data_ingestion/webcam_images]
[2023-06-06 11:54:06,375] : [root] : [INFO] : [created directory at: artifacts/data_ingestion/decode_images]
[2023-06-06 11:54:06,375] : [root] : [INFO] : [created directory at: artifacts/data_ingestion/unknown_images]
[2023-06-06 11:54:06,502] : [matplotlib] : [DEBUG] : [matplotlib data path: C:\Users\Zeeshan.khan\AppData\Local\anaconda3\envs\flora\lib\site-packages\matplotlib\mpl-data]
[2023-06-06 11:54:06,508] : [matplotlib] : [DEBUG] : [CONFIGDIR=C:\Users\Zeeshan.khan\.matplotlib]
[2023-06-06 11:54:06,511] : [matplotlib] : [DEBUG] : [interactive is False]
[2023-06-06 11:54:06,512] : [matplotlib] : [DEBUG] : [platform is win32]
[2023-06-06 11:54:06,568] : [matplotlib] : [DEBUG] : [CACHEDIR=C:\Users\Zeeshan.khan\.matplotlib]
[2023-06-06 11:54:06,571] : [matplotlib.font_manager] : [DEBUG] : [Using fontManager instance from C:\Users\Zeeshan.khan\.matplotlib\fontlist-v330.json]
[2023-06-06 11:54:07,929] : [root] : [INFO] : [yaml file: configs\config.yaml loaded successfully]
[2023-06-06 11:54:07,930] : [root] : [INFO] : [created directory at: artifacts]
[2023-06-06 11:54:07,931] : [root] : [INFO] : [created directory at: artifacts/data_ingestion]
[2023-06-06 11:54:07,932] : [root] : [INFO] : [created directory at: artifacts/data_ingestion/crop_images]
[2023-06-06 11:54:07,933] : [root] : [INFO] : [created directory at: artifacts/data_ingestion/images]
[2023-06-06 11:54:07,934] : [root] : [INFO] : [created directory at: artifacts/data_ingestion/webcam_images]
[2023-06-06 11:54:07,935] : [root] : [INFO] : [created directory at: artifacts/data_ingestion/decode_images]
[2023-06-06 11:54:07,936] : [root] : [INFO] : [created directory at: artifacts/data_ingestion/unknown_images]
[2023-06-06 11:56:12,102] : [root] : [INFO] : [yaml file: configs\config.yaml loaded successfully]
[2023-06-06 11:56:12,103] : [root] : [INFO] : [created directory at: artifacts]
[2023-06-06 11:56:12,104] : [root] : [INFO] : [created directory at: artifacts/data_ingestion]
[2023-06-06 11:56:12,105] : [root] : [INFO] : [created directory at: artifacts/data_ingestion/crop_images]
[2023-06-06 11:56:12,106] : [root] : [INFO] : [created directory at: artifacts/data_ingestion/images]
[2023-06-06 11:56:12,106] : [root] : [INFO] : [created directory at: artifacts/data_ingestion/webcam_images]
[2023-06-06 11:56:12,107] : [root] : [INFO] : [created directory at: artifacts/data_ingestion/decode_images]
[2023-06-06 11:56:12,107] : [root] : [INFO] : [created directory at: artifacts/data_ingestion/unknown_images]
[2023-06-06 11:56:12,233] : [matplotlib] : [DEBUG] : [matplotlib data path: C:\Users\Zeeshan.khan\AppData\Local\anaconda3\envs\flora\lib\site-packages\matplotlib\mpl-data]
[2023-06-06 11:56:12,239] : [matplotlib] : [DEBUG] : [CONFIGDIR=C:\Users\Zeeshan.khan\.matplotlib]
[2023-06-06 11:56:12,242] : [matplotlib] : [DEBUG] : [interactive is False]
[2023-06-06 11:56:12,242] : [matplotlib] : [DEBUG] : [platform is win32]
[2023-06-06 11:56:12,298] : [matplotlib] : [DEBUG] : [CACHEDIR=C:\Users\Zeeshan.khan\.matplotlib]
[2023-06-06 11:56:12,302] : [matplotlib.font_manager] : [DEBUG] : [Using fontManager instance from C:\Users\Zeeshan.khan\.matplotlib\fontlist-v330.json]
[2023-06-06 11:56:13,644] : [root] : [INFO] : [yaml file: configs\config.yaml loaded successfully]
[2023-06-06 11:56:13,644] : [root] : [INFO] : [created directory at: artifacts]
[2023-06-06 11:56:13,645] : [root] : [INFO] : [created directory at: artifacts/data_ingestion]
[2023-06-06 11:56:13,646] : [root] : [INFO] : [created directory at: artifacts/data_ingestion/crop_images]
[2023-06-06 11:56:13,647] : [root] : [INFO] : [created directory at: artifacts/data_ingestion/images]
[2023-06-06 11:56:13,648] : [root] : [INFO] : [created directory at: artifacts/data_ingestion/webcam_images]
[2023-06-06 11:56:13,648] : [root] : [INFO] : [created directory at: artifacts/data_ingestion/decode_images]
[2023-06-06 11:56:13,649] : [root] : [INFO] : [created directory at: artifacts/data_ingestion/unknown_images]
[2023-06-06 11:57:04,189] : [root] : [INFO] : [yaml file: configs\config.yaml loaded successfully]
[2023-06-06 11:57:04,190] : [root] : [INFO] : [created directory at: artifacts]
[2023-06-06 11:57:04,191] : [root] : [INFO] : [created directory at: artifacts/data_ingestion]
[2023-06-06 11:57:04,192] : [root] : [INFO] : [created directory at: artifacts/data_ingestion/crop_images]
[2023-06-06 11:57:04,192] : [root] : [INFO] : [created directory at: artifacts/data_ingestion/images]
[2023-06-06 11:57:04,193] : [root] : [INFO] : [created directory at: artifacts/data_ingestion/webcam_images]
[2023-06-06 11:57:04,194] : [root] : [INFO] : [created directory at: artifacts/data_ingestion/decode_images]
[2023-06-06 11:57:04,195] : [root] : [INFO] : [created directory at: artifacts/data_ingestion/unknown_images]
[2023-06-06 11:57:04,327] : [matplotlib] : [DEBUG] : [matplotlib data path: C:\Users\Zeeshan.khan\AppData\Local\anaconda3\envs\flora\lib\site-packages\matplotlib\mpl-data]
[2023-06-06 11:57:04,332] : [matplotlib] : [DEBUG] : [CONFIGDIR=C:\Users\Zeeshan.khan\.matplotlib]
[2023-06-06 11:57:04,334] : [matplotlib] : [DEBUG] : [interactive is False]
[2023-06-06 11:57:04,334] : [matplotlib] : [DEBUG] : [platform is win32]
[2023-06-06 11:57:04,390] : [matplotlib] : [DEBUG] : [CACHEDIR=C:\Users\Zeeshan.khan\.matplotlib]
[2023-06-06 11:57:04,394] : [matplotlib.font_manager] : [DEBUG] : [Using fontManager instance from C:\Users\Zeeshan.khan\.matplotlib\fontlist-v330.json]
[2023-06-06 11:57:05,746] : [root] : [INFO] : [yaml file: configs\config.yaml loaded successfully]
[2023-06-06 11:57:05,748] : [root] : [INFO] : [created directory at: artifacts]
[2023-06-06 11:57:05,749] : [root] : [INFO] : [created directory at: artifacts/data_ingestion]
[2023-06-06 11:57:05,749] : [root] : [INFO] : [created directory at: artifacts/data_ingestion/crop_images]
[2023-06-06 11:57:05,750] : [root] : [INFO] : [created directory at: artifacts/data_ingestion/images]
[2023-06-06 11:57:05,751] : [root] : [INFO] : [created directory at: artifacts/data_ingestion/webcam_images]
[2023-06-06 11:57:05,752] : [root] : [INFO] : [created directory at: artifacts/data_ingestion/decode_images]
[2023-06-06 11:57:05,753] : [root] : [INFO] : [created directory at: artifacts/data_ingestion/unknown_images]
[2023-06-06 11:57:31,483] : [root] : [INFO] : [yaml file: configs\config.yaml loaded successfully]
[2023-06-06 11:57:31,484] : [root] : [INFO] : [created directory at: artifacts]
[2023-06-06 11:57:31,486] : [root] : [INFO] : [created directory at: artifacts/data_ingestion]
[2023-06-06 11:57:31,486] : [root] : [INFO] : [created directory at: artifacts/data_ingestion/crop_images]
[2023-06-06 11:57:31,487] : [root] : [INFO] : [created directory at: artifacts/data_ingestion/images]
[2023-06-06 11:57:31,488] : [root] : [INFO] : [created directory at: artifacts/data_ingestion/webcam_images]
[2023-06-06 11:57:31,488] : [root] : [INFO] : [created directory at: artifacts/data_ingestion/decode_images]
[2023-06-06 11:57:31,489] : [root] : [INFO] : [created directory at: artifacts/data_ingestion/unknown_images]
[2023-06-06 11:57:31,618] : [matplotlib] : [DEBUG] : [matplotlib data path: C:\Users\Zeeshan.khan\AppData\Local\anaconda3\envs\flora\lib\site-packages\matplotlib\mpl-data]
[2023-06-06 11:57:31,624] : [matplotlib] : [DEBUG] : [CONFIGDIR=C:\Users\Zeeshan.khan\.matplotlib]
[2023-06-06 11:57:31,626] : [matplotlib] : [DEBUG] : [interactive is False]
[2023-06-06 11:57:31,627] : [matplotlib] : [DEBUG] : [platform is win32]
[2023-06-06 11:57:31,683] : [matplotlib] : [DEBUG] : [CACHEDIR=C:\Users\Zeeshan.khan\.matplotlib]
[2023-06-06 11:57:31,687] : [matplotlib.font_manager] : [DEBUG] : [Using fontManager instance from C:\Users\Zeeshan.khan\.matplotlib\fontlist-v330.json]
[2023-06-06 11:57:33,038] : [root] : [INFO] : [yaml file: configs\config.yaml loaded successfully]
[2023-06-06 11:57:33,039] : [root] : [INFO] : [created directory at: artifacts]
[2023-06-06 11:57:33,040] : [root] : [INFO] : [created directory at: artifacts/data_ingestion]
[2023-06-06 11:57:33,041] : [root] : [INFO] : [created directory at: artifacts/data_ingestion/crop_images]
[2023-06-06 11:57:33,042] : [root] : [INFO] : [created directory at: artifacts/data_ingestion/images]
[2023-06-06 11:57:33,043] : [root] : [INFO] : [created directory at: artifacts/data_ingestion/webcam_images]
[2023-06-06 11:57:33,043] : [root] : [INFO] : [created directory at: artifacts/data_ingestion/decode_images]
[2023-06-06 11:57:33,044] : [root] : [INFO] : [created directory at: artifacts/data_ingestion/unknown_images]
[2023-06-06 11:58:03,870] : [root] : [INFO] : [yaml file: configs\config.yaml loaded successfully]
[2023-06-06 11:58:03,870] : [root] : [INFO] : [created directory at: artifacts]
[2023-06-06 11:58:03,871] : [root] : [INFO] : [created directory at: artifacts/data_ingestion]
[2023-06-06 11:58:03,872] : [root] : [INFO] : [created directory at: artifacts/data_ingestion/crop_images]
[2023-06-06 11:58:03,873] : [root] : [INFO] : [created directory at: artifacts/data_ingestion/images]
[2023-06-06 11:58:03,874] : [root] : [INFO] : [created directory at: artifacts/data_ingestion/webcam_images]
[2023-06-06 11:58:03,875] : [root] : [INFO] : [created directory at: artifacts/data_ingestion/decode_images]
[2023-06-06 11:58:03,876] : [root] : [INFO] : [created directory at: artifacts/data_ingestion/unknown_images]
[2023-06-06 11:58:04,003] : [matplotlib] : [DEBUG] : [matplotlib data path: C:\Users\Zeeshan.khan\AppData\Local\anaconda3\envs\flora\lib\site-packages\matplotlib\mpl-data]
[2023-06-06 11:58:04,011] : [matplotlib] : [DEBUG] : [CONFIGDIR=C:\Users\Zeeshan.khan\.matplotlib]
[2023-06-06 11:58:04,014] : [matplotlib] : [DEBUG] : [interactive is False]
[2023-06-06 11:58:04,015] : [matplotlib] : [DEBUG] : [platform is win32]
[2023-06-06 11:58:04,072] : [matplotlib] : [DEBUG] : [CACHEDIR=C:\Users\Zeeshan.khan\.matplotlib]
[2023-06-06 11:58:04,076] : [matplotlib.font_manager] : [DEBUG] : [Using fontManager instance from C:\Users\Zeeshan.khan\.matplotlib\fontlist-v330.json]
[2023-06-06 11:58:05,425] : [root] : [INFO] : [yaml file: configs\config.yaml loaded successfully]
[2023-06-06 11:58:05,427] : [root] : [INFO] : [created directory at: artifacts]
[2023-06-06 11:58:05,427] : [root] : [INFO] : [created directory at: artifacts/data_ingestion]
[2023-06-06 11:58:05,428] : [root] : [INFO] : [created directory at: artifacts/data_ingestion/crop_images]
[2023-06-06 11:58:05,429] : [root] : [INFO] : [created directory at: artifacts/data_ingestion/images]
[2023-06-06 11:58:05,430] : [root] : [INFO] : [created directory at: artifacts/data_ingestion/webcam_images]
[2023-06-06 11:58:05,431] : [root] : [INFO] : [created directory at: artifacts/data_ingestion/decode_images]
[2023-06-06 11:58:05,432] : [root] : [INFO] : [created directory at: artifacts/data_ingestion/unknown_images]
[2023-06-06 12:00:33,025] : [root] : [INFO] : [yaml file: configs\config.yaml loaded successfully]
[2023-06-06 12:00:33,026] : [root] : [INFO] : [created directory at: artifacts]
[2023-06-06 12:00:33,027] : [root] : [INFO] : [created directory at: artifacts/data_ingestion]
[2023-06-06 12:00:33,028] : [root] : [INFO] : [created directory at: artifacts/data_ingestion/crop_images]
[2023-06-06 12:00:33,028] : [root] : [INFO] : [created directory at: artifacts/data_ingestion/images]
[2023-06-06 12:00:33,029] : [root] : [INFO] : [created directory at: artifacts/data_ingestion/webcam_images]
[2023-06-06 12:00:33,030] : [root] : [INFO] : [created directory at: artifacts/data_ingestion/decode_images]
[2023-06-06 12:00:33,031] : [root] : [INFO] : [created directory at: artifacts/data_ingestion/unknown_images]
[2023-06-06 12:00:33,158] : [matplotlib] : [DEBUG] : [matplotlib data path: C:\Users\Zeeshan.khan\AppData\Local\anaconda3\envs\flora\lib\site-packages\matplotlib\mpl-data]
[2023-06-06 12:00:33,164] : [matplotlib] : [DEBUG] : [CONFIGDIR=C:\Users\Zeeshan.khan\.matplotlib]
[2023-06-06 12:00:33,167] : [matplotlib] : [DEBUG] : [interactive is False]
[2023-06-06 12:00:33,168] : [matplotlib] : [DEBUG] : [platform is win32]
[2023-06-06 12:00:33,227] : [matplotlib] : [DEBUG] : [CACHEDIR=C:\Users\Zeeshan.khan\.matplotlib]
[2023-06-06 12:00:33,233] : [matplotlib.font_manager] : [DEBUG] : [Using fontManager instance from C:\Users\Zeeshan.khan\.matplotlib\fontlist-v330.json]
[2023-06-06 12:00:34,685] : [root] : [INFO] : [yaml file: configs\config.yaml loaded successfully]
[2023-06-06 12:00:34,686] : [root] : [INFO] : [created directory at: artifacts]
[2023-06-06 12:00:34,687] : [root] : [INFO] : [created directory at: artifacts/data_ingestion]
[2023-06-06 12:00:34,688] : [root] : [INFO] : [created directory at: artifacts/data_ingestion/crop_images]
[2023-06-06 12:00:34,689] : [root] : [INFO] : [created directory at: artifacts/data_ingestion/images]
[2023-06-06 12:00:34,690] : [root] : [INFO] : [created directory at: artifacts/data_ingestion/webcam_images]
[2023-06-06 12:00:34,690] : [root] : [INFO] : [created directory at: artifacts/data_ingestion/decode_images]
[2023-06-06 12:00:34,691] : [root] : [INFO] : [created directory at: artifacts/data_ingestion/unknown_images]
[2023-06-06 14:53:37,928] : [root] : [INFO] : [yaml file: configs\config.yaml loaded successfully]
[2023-06-06 14:53:37,929] : [root] : [INFO] : [created directory at: artifacts]
[2023-06-06 14:53:37,929] : [root] : [INFO] : [created directory at: artifacts/data_ingestion]
[2023-06-06 14:53:37,930] : [root] : [INFO] : [created directory at: artifacts/data_ingestion/crop_images]
[2023-06-06 14:53:37,930] : [root] : [INFO] : [created directory at: artifacts/data_ingestion/images]
[2023-06-06 14:53:37,931] : [root] : [INFO] : [created directory at: artifacts/data_ingestion/webcam_images]
[2023-06-06 14:53:37,931] : [root] : [INFO] : [created directory at: artifacts/data_ingestion/decode_images]
[2023-06-06 14:53:37,931] : [root] : [INFO] : [created directory at: artifacts/data_ingestion/unknown_images]
[2023-06-06 14:53:38,388] : [matplotlib] : [DEBUG] : [matplotlib data path: C:\Users\Zeeshan.khan\AppData\Local\anaconda3\envs\flora\lib\site-packages\matplotlib\mpl-data]
[2023-06-06 14:53:38,400] : [matplotlib] : [DEBUG] : [CONFIGDIR=C:\Users\Zeeshan.khan\.matplotlib]
[2023-06-06 14:53:38,404] : [matplotlib] : [DEBUG] : [interactive is False]
[2023-06-06 14:53:38,404] : [matplotlib] : [DEBUG] : [platform is win32]
[2023-06-06 14:53:38,562] : [matplotlib] : [DEBUG] : [CACHEDIR=C:\Users\Zeeshan.khan\.matplotlib]
[2023-06-06 14:53:38,576] : [matplotlib.font_manager] : [DEBUG] : [Using fontManager instance from C:\Users\Zeeshan.khan\.matplotlib\fontlist-v330.json]
[2023-06-06 14:53:40,523] : [root] : [INFO] : [yaml file: configs\config.yaml loaded successfully]
[2023-06-06 14:53:40,524] : [root] : [INFO] : [created directory at: artifacts]
[2023-06-06 14:53:40,525] : [root] : [INFO] : [created directory at: artifacts/data_ingestion]
[2023-06-06 14:53:40,526] : [root] : [INFO] : [created directory at: artifacts/data_ingestion/crop_images]
[2023-06-06 14:53:40,527] : [root] : [INFO] : [created directory at: artifacts/data_ingestion/images]
[2023-06-06 14:53:40,528] : [root] : [INFO] : [created directory at: artifacts/data_ingestion/webcam_images]
[2023-06-06 14:53:40,529] : [root] : [INFO] : [created directory at: artifacts/data_ingestion/decode_images]
[2023-06-06 14:53:40,530] : [root] : [INFO] : [created directory at: artifacts/data_ingestion/unknown_images]
[2023-06-06 14:54:30,105] : [root] : [INFO] : [yaml file: configs\config.yaml loaded successfully]
[2023-06-06 14:54:30,105] : [root] : [INFO] : [created directory at: artifacts]
[2023-06-06 14:54:30,106] : [root] : [INFO] : [created directory at: artifacts/data_ingestion]
[2023-06-06 14:54:30,107] : [root] : [INFO] : [created directory at: artifacts/data_ingestion/crop_images]
[2023-06-06 14:54:30,107] : [root] : [INFO] : [created directory at: artifacts/data_ingestion/images]
[2023-06-06 14:54:30,108] : [root] : [INFO] : [created directory at: artifacts/data_ingestion/webcam_images]
[2023-06-06 14:54:30,108] : [root] : [INFO] : [created directory at: artifacts/data_ingestion/decode_images]
[2023-06-06 14:54:30,109] : [root] : [INFO] : [created directory at: artifacts/data_ingestion/unknown_images]
[2023-06-06 14:54:30,256] : [matplotlib] : [DEBUG] : [matplotlib data path: C:\Users\Zeeshan.khan\AppData\Local\anaconda3\envs\flora\lib\site-packages\matplotlib\mpl-data]
[2023-06-06 14:54:30,263] : [matplotlib] : [DEBUG] : [CONFIGDIR=C:\Users\Zeeshan.khan\.matplotlib]
[2023-06-06 14:54:30,267] : [matplotlib] : [DEBUG] : [interactive is False]
[2023-06-06 14:54:30,268] : [matplotlib] : [DEBUG] : [platform is win32]
[2023-06-06 14:54:30,337] : [matplotlib] : [DEBUG] : [CACHEDIR=C:\Users\Zeeshan.khan\.matplotlib]
[2023-06-06 14:54:30,343] : [matplotlib.font_manager] : [DEBUG] : [Using fontManager instance from C:\Users\Zeeshan.khan\.matplotlib\fontlist-v330.json]
[2023-06-06 14:54:31,770] : [root] : [INFO] : [yaml file: configs\config.yaml loaded successfully]
[2023-06-06 14:54:31,771] : [root] : [INFO] : [created directory at: artifacts]
[2023-06-06 14:54:31,772] : [root] : [INFO] : [created directory at: artifacts/data_ingestion]
[2023-06-06 14:54:31,773] : [root] : [INFO] : [created directory at: artifacts/data_ingestion/crop_images]
[2023-06-06 14:54:31,773] : [root] : [INFO] : [created directory at: artifacts/data_ingestion/images]
[2023-06-06 14:54:31,774] : [root] : [INFO] : [created directory at: artifacts/data_ingestion/webcam_images]
[2023-06-06 14:54:31,775] : [root] : [INFO] : [created directory at: artifacts/data_ingestion/decode_images]
[2023-06-06 14:54:31,776] : [root] : [INFO] : [created directory at: artifacts/data_ingestion/unknown_images]
[2023-06-06 14:54:57,783] : [root] : [INFO] : [yaml file: configs\config.yaml loaded successfully]
[2023-06-06 14:54:57,785] : [root] : [INFO] : [created directory at: artifacts]
[2023-06-06 14:54:57,786] : [root] : [INFO] : [created directory at: artifacts/data_ingestion]
[2023-06-06 14:54:57,787] : [root] : [INFO] : [created directory at: artifacts/data_ingestion/crop_images]
[2023-06-06 14:54:57,788] : [root] : [INFO] : [created directory at: artifacts/data_ingestion/images]
[2023-06-06 14:54:57,789] : [root] : [INFO] : [created directory at: artifacts/data_ingestion/webcam_images]
[2023-06-06 14:54:57,790] : [root] : [INFO] : [created directory at: artifacts/data_ingestion/decode_images]
[2023-06-06 14:54:57,791] : [root] : [INFO] : [created directory at: artifacts/data_ingestion/unknown_images]
[2023-06-06 14:54:57,962] : [matplotlib] : [DEBUG] : [matplotlib data path: C:\Users\Zeeshan.khan\AppData\Local\anaconda3\envs\flora\lib\site-packages\matplotlib\mpl-data]
[2023-06-06 14:54:57,968] : [matplotlib] : [DEBUG] : [CONFIGDIR=C:\Users\Zeeshan.khan\.matplotlib]
[2023-06-06 14:54:57,971] : [matplotlib] : [DEBUG] : [interactive is False]
[2023-06-06 14:54:57,971] : [matplotlib] : [DEBUG] : [platform is win32]
[2023-06-06 14:54:58,042] : [matplotlib] : [DEBUG] : [CACHEDIR=C:\Users\Zeeshan.khan\.matplotlib]
[2023-06-06 14:54:58,047] : [matplotlib.font_manager] : [DEBUG] : [Using fontManager instance from C:\Users\Zeeshan.khan\.matplotlib\fontlist-v330.json]
[2023-06-06 14:54:59,496] : [root] : [INFO] : [yaml file: configs\config.yaml loaded successfully]
[2023-06-06 14:54:59,497] : [root] : [INFO] : [created directory at: artifacts]
[2023-06-06 14:54:59,497] : [root] : [INFO] : [created directory at: artifacts/data_ingestion]
[2023-06-06 14:54:59,498] : [root] : [INFO] : [created directory at: artifacts/data_ingestion/crop_images]
[2023-06-06 14:54:59,499] : [root] : [INFO] : [created directory at: artifacts/data_ingestion/images]
[2023-06-06 14:54:59,500] : [root] : [INFO] : [created directory at: artifacts/data_ingestion/webcam_images]
[2023-06-06 14:54:59,501] : [root] : [INFO] : [created directory at: artifacts/data_ingestion/decode_images]
[2023-06-06 14:54:59,502] : [root] : [INFO] : [created directory at: artifacts/data_ingestion/unknown_images]
[2023-06-06 15:05:47,852] : [root] : [INFO] : [yaml file: configs\config.yaml loaded successfully]
[2023-06-06 15:05:47,853] : [root] : [INFO] : [created directory at: artifacts]
[2023-06-06 15:05:47,854] : [root] : [INFO] : [created directory at: artifacts/data_ingestion]
[2023-06-06 15:05:47,855] : [root] : [INFO] : [created directory at: artifacts/data_ingestion/crop_images]
[2023-06-06 15:05:47,855] : [root] : [INFO] : [created directory at: artifacts/data_ingestion/images]
[2023-06-06 15:05:47,856] : [root] : [INFO] : [created directory at: artifacts/data_ingestion/webcam_images]
[2023-06-06 15:05:47,856] : [root] : [INFO] : [created directory at: artifacts/data_ingestion/decode_images]
[2023-06-06 15:05:47,857] : [root] : [INFO] : [created directory at: artifacts/data_ingestion/unknown_images]
[2023-06-06 15:05:48,296] : [matplotlib] : [DEBUG] : [matplotlib data path: C:\Users\Zeeshan.khan\AppData\Local\anaconda3\envs\flora\lib\site-packages\matplotlib\mpl-data]
[2023-06-06 15:05:48,309] : [matplotlib] : [DEBUG] : [CONFIGDIR=C:\Users\Zeeshan.khan\.matplotlib]
[2023-06-06 15:05:48,315] : [matplotlib] : [DEBUG] : [interactive is False]
[2023-06-06 15:05:48,316] : [matplotlib] : [DEBUG] : [platform is win32]
[2023-06-06 15:05:48,444] : [matplotlib] : [DEBUG] : [CACHEDIR=C:\Users\Zeeshan.khan\.matplotlib]
[2023-06-06 15:05:48,457] : [matplotlib.font_manager] : [DEBUG] : [Using fontManager instance from C:\Users\Zeeshan.khan\.matplotlib\fontlist-v330.json]
[2023-06-06 15:05:50,499] : [root] : [INFO] : [yaml file: configs\config.yaml loaded successfully]
[2023-06-06 15:05:50,500] : [root] : [INFO] : [created directory at: artifacts]
[2023-06-06 15:05:50,502] : [root] : [INFO] : [created directory at: artifacts/data_ingestion]
[2023-06-06 15:05:50,504] : [root] : [INFO] : [created directory at: artifacts/data_ingestion/crop_images]
[2023-06-06 15:05:50,506] : [root] : [INFO] : [created directory at: artifacts/data_ingestion/images]
[2023-06-06 15:05:50,507] : [root] : [INFO] : [created directory at: artifacts/data_ingestion/webcam_images]
[2023-06-06 15:05:50,508] : [root] : [INFO] : [created directory at: artifacts/data_ingestion/decode_images]
[2023-06-06 15:05:50,511] : [root] : [INFO] : [created directory at: artifacts/data_ingestion/unknown_images]
[2023-06-06 16:02:57,818] : [root] : [INFO] : [yaml file: configs\config.yaml loaded successfully]
[2023-06-06 16:02:57,819] : [root] : [INFO] : [created directory at: artifacts]
[2023-06-06 16:02:57,820] : [root] : [INFO] : [created directory at: artifacts/data_ingestion]
[2023-06-06 16:02:57,821] : [root] : [INFO] : [created directory at: artifacts/data_ingestion/crop_images]
[2023-06-06 16:02:57,821] : [root] : [INFO] : [created directory at: artifacts/data_ingestion/images]
[2023-06-06 16:02:57,822] : [root] : [INFO] : [created directory at: artifacts/data_ingestion/webcam_images]
[2023-06-06 16:02:57,823] : [root] : [INFO] : [created directory at: artifacts/data_ingestion/decode_images]
[2023-06-06 16:02:57,824] : [root] : [INFO] : [created directory at: artifacts/data_ingestion/unknown_images]
[2023-06-06 16:02:58,315] : [matplotlib] : [DEBUG] : [matplotlib data path: C:\Users\Zeeshan.khan\AppData\Local\anaconda3\envs\flora\lib\site-packages\matplotlib\mpl-data]
[2023-06-06 16:02:58,328] : [matplotlib] : [DEBUG] : [CONFIGDIR=C:\Users\Zeeshan.khan\.matplotlib]
[2023-06-06 16:02:58,332] : [matplotlib] : [DEBUG] : [interactive is False]
[2023-06-06 16:02:58,333] : [matplotlib] : [DEBUG] : [platform is win32]
[2023-06-06 16:02:58,462] : [matplotlib] : [DEBUG] : [CACHEDIR=C:\Users\Zeeshan.khan\.matplotlib]
[2023-06-06 16:02:58,476] : [matplotlib.font_manager] : [DEBUG] : [Using fontManager instance from C:\Users\Zeeshan.khan\.matplotlib\fontlist-v330.json]
[2023-06-06 16:03:00,507] : [root] : [INFO] : [yaml file: configs\config.yaml loaded successfully]
[2023-06-06 16:03:00,509] : [root] : [INFO] : [created directory at: artifacts]
[2023-06-06 16:03:00,510] : [root] : [INFO] : [created directory at: artifacts/data_ingestion]
[2023-06-06 16:03:00,510] : [root] : [INFO] : [created directory at: artifacts/data_ingestion/crop_images]
[2023-06-06 16:03:00,512] : [root] : [INFO] : [created directory at: artifacts/data_ingestion/images]
[2023-06-06 16:03:00,513] : [root] : [INFO] : [created directory at: artifacts/data_ingestion/webcam_images]
[2023-06-06 16:03:00,514] : [root] : [INFO] : [created directory at: artifacts/data_ingestion/decode_images]
[2023-06-06 16:03:00,515] : [root] : [INFO] : [created directory at: artifacts/data_ingestion/unknown_images]
[2023-06-06 16:03:59,812] : [root] : [INFO] : [yaml file: configs\config.yaml loaded successfully]
[2023-06-06 16:03:59,813] : [root] : [INFO] : [created directory at: artifacts]
[2023-06-06 16:03:59,813] : [root] : [INFO] : [created directory at: artifacts/data_ingestion]
[2023-06-06 16:03:59,814] : [root] : [INFO] : [created directory at: artifacts/data_ingestion/crop_images]
[2023-06-06 16:03:59,814] : [root] : [INFO] : [created directory at: artifacts/data_ingestion/images]
[2023-06-06 16:03:59,815] : [root] : [INFO] : [created directory at: artifacts/data_ingestion/webcam_images]
[2023-06-06 16:03:59,815] : [root] : [INFO] : [created directory at: artifacts/data_ingestion/decode_images]
[2023-06-06 16:03:59,816] : [root] : [INFO] : [created directory at: artifacts/data_ingestion/unknown_images]
[2023-06-06 16:03:59,974] : [matplotlib] : [DEBUG] : [matplotlib data path: C:\Users\Zeeshan.khan\AppData\Local\anaconda3\envs\flora\lib\site-packages\matplotlib\mpl-data]
[2023-06-06 16:03:59,981] : [matplotlib] : [DEBUG] : [CONFIGDIR=C:\Users\Zeeshan.khan\.matplotlib]
[2023-06-06 16:03:59,986] : [matplotlib] : [DEBUG] : [interactive is False]
[2023-06-06 16:03:59,986] : [matplotlib] : [DEBUG] : [platform is win32]
[2023-06-06 16:04:00,062] : [matplotlib] : [DEBUG] : [CACHEDIR=C:\Users\Zeeshan.khan\.matplotlib]
[2023-06-06 16:04:00,067] : [matplotlib.font_manager] : [DEBUG] : [Using fontManager instance from C:\Users\Zeeshan.khan\.matplotlib\fontlist-v330.json]
[2023-06-06 16:04:01,643] : [root] : [INFO] : [yaml file: configs\config.yaml loaded successfully]
[2023-06-06 16:04:01,644] : [root] : [INFO] : [created directory at: artifacts]
[2023-06-06 16:04:01,645] : [root] : [INFO] : [created directory at: artifacts/data_ingestion]
[2023-06-06 16:04:01,646] : [root] : [INFO] : [created directory at: artifacts/data_ingestion/crop_images]
[2023-06-06 16:04:01,647] : [root] : [INFO] : [created directory at: artifacts/data_ingestion/images]
[2023-06-06 16:04:01,649] : [root] : [INFO] : [created directory at: artifacts/data_ingestion/webcam_images]
[2023-06-06 16:04:01,650] : [root] : [INFO] : [created directory at: artifacts/data_ingestion/decode_images]
[2023-06-06 16:04:01,650] : [root] : [INFO] : [created directory at: artifacts/data_ingestion/unknown_images]
[2023-06-06 16:04:23,374] : [root] : [INFO] : [yaml file: configs\config.yaml loaded successfully]
[2023-06-06 16:04:23,375] : [root] : [INFO] : [created directory at: artifacts]
[2023-06-06 16:04:23,375] : [root] : [INFO] : [created directory at: artifacts/data_ingestion]
[2023-06-06 16:04:23,376] : [root] : [INFO] : [created directory at: artifacts/data_ingestion/crop_images]
[2023-06-06 16:04:23,377] : [root] : [INFO] : [created directory at: artifacts/data_ingestion/images]
[2023-06-06 16:04:23,377] : [root] : [INFO] : [created directory at: artifacts/data_ingestion/webcam_images]
[2023-06-06 16:04:23,378] : [root] : [INFO] : [created directory at: artifacts/data_ingestion/decode_images]
[2023-06-06 16:04:23,378] : [root] : [INFO] : [created directory at: artifacts/data_ingestion/unknown_images]
[2023-06-06 16:04:23,556] : [matplotlib] : [DEBUG] : [matplotlib data path: C:\Users\Zeeshan.khan\AppData\Local\anaconda3\envs\flora\lib\site-packages\matplotlib\mpl-data]
[2023-06-06 16:04:23,564] : [matplotlib] : [DEBUG] : [CONFIGDIR=C:\Users\Zeeshan.khan\.matplotlib]
[2023-06-06 16:04:23,569] : [matplotlib] : [DEBUG] : [interactive is False]
[2023-06-06 16:04:23,570] : [matplotlib] : [DEBUG] : [platform is win32]
[2023-06-06 16:04:23,635] : [matplotlib] : [DEBUG] : [CACHEDIR=C:\Users\Zeeshan.khan\.matplotlib]
[2023-06-06 16:04:23,640] : [matplotlib.font_manager] : [DEBUG] : [Using fontManager instance from C:\Users\Zeeshan.khan\.matplotlib\fontlist-v330.json]
[2023-06-06 16:04:25,246] : [root] : [INFO] : [yaml file: configs\config.yaml loaded successfully]
[2023-06-06 16:04:25,247] : [root] : [INFO] : [created directory at: artifacts]
[2023-06-06 16:04:25,248] : [root] : [INFO] : [created directory at: artifacts/data_ingestion]
[2023-06-06 16:04:25,249] : [root] : [INFO] : [created directory at: artifacts/data_ingestion/crop_images]
[2023-06-06 16:04:25,250] : [root] : [INFO] : [created directory at: artifacts/data_ingestion/images]
[2023-06-06 16:04:25,250] : [root] : [INFO] : [created directory at: artifacts/data_ingestion/webcam_images]
[2023-06-06 16:04:25,251] : [root] : [INFO] : [created directory at: artifacts/data_ingestion/decode_images]
[2023-06-06 16:04:25,251] : [root] : [INFO] : [created directory at: artifacts/data_ingestion/unknown_images]
[2023-06-06 16:05:05,070] : [root] : [INFO] : [yaml file: configs\config.yaml loaded successfully]
[2023-06-06 16:05:05,072] : [root] : [INFO] : [created directory at: artifacts]
[2023-06-06 16:05:05,074] : [root] : [INFO] : [created directory at: artifacts/data_ingestion]
[2023-06-06 16:05:05,075] : [root] : [INFO] : [created directory at: artifacts/data_ingestion/crop_images]
[2023-06-06 16:05:05,076] : [root] : [INFO] : [created directory at: artifacts/data_ingestion/images]
[2023-06-06 16:05:05,077] : [root] : [INFO] : [created directory at: artifacts/data_ingestion/webcam_images]
[2023-06-06 16:05:05,078] : [root] : [INFO] : [created directory at: artifacts/data_ingestion/decode_images]
[2023-06-06 16:05:05,079] : [root] : [INFO] : [created directory at: artifacts/data_ingestion/unknown_images]
[2023-06-06 16:05:05,279] : [matplotlib] : [DEBUG] : [matplotlib data path: C:\Users\Zeeshan.khan\AppData\Local\anaconda3\envs\flora\lib\site-packages\matplotlib\mpl-data]
[2023-06-06 16:05:05,287] : [matplotlib] : [DEBUG] : [CONFIGDIR=C:\Users\Zeeshan.khan\.matplotlib]
[2023-06-06 16:05:05,292] : [matplotlib] : [DEBUG] : [interactive is False]
[2023-06-06 16:05:05,292] : [matplotlib] : [DEBUG] : [platform is win32]
[2023-06-06 16:05:05,366] : [matplotlib] : [DEBUG] : [CACHEDIR=C:\Users\Zeeshan.khan\.matplotlib]
[2023-06-06 16:05:05,370] : [matplotlib.font_manager] : [DEBUG] : [Using fontManager instance from C:\Users\Zeeshan.khan\.matplotlib\fontlist-v330.json]
[2023-06-06 16:05:06,892] : [root] : [INFO] : [yaml file: configs\config.yaml loaded successfully]
[2023-06-06 16:05:06,894] : [root] : [INFO] : [created directory at: artifacts]
[2023-06-06 16:05:06,895] : [root] : [INFO] : [created directory at: artifacts/data_ingestion]
[2023-06-06 16:05:06,896] : [root] : [INFO] : [created directory at: artifacts/data_ingestion/crop_images]
[2023-06-06 16:05:06,897] : [root] : [INFO] : [created directory at: artifacts/data_ingestion/images]
[2023-06-06 16:05:06,898] : [root] : [INFO] : [created directory at: artifacts/data_ingestion/webcam_images]
[2023-06-06 16:05:06,899] : [root] : [INFO] : [created directory at: artifacts/data_ingestion/decode_images]
[2023-06-06 16:05:06,900] : [root] : [INFO] : [created directory at: artifacts/data_ingestion/unknown_images]
[2023-06-06 16:05:31,946] : [root] : [INFO] : [yaml file: configs\config.yaml loaded successfully]
[2023-06-06 16:05:31,947] : [root] : [INFO] : [created directory at: artifacts]
[2023-06-06 16:05:31,948] : [root] : [INFO] : [created directory at: artifacts/data_ingestion]
[2023-06-06 16:05:31,948] : [root] : [INFO] : [created directory at: artifacts/data_ingestion/crop_images]
[2023-06-06 16:05:31,949] : [root] : [INFO] : [created directory at: artifacts/data_ingestion/images]
[2023-06-06 16:05:31,950] : [root] : [INFO] : [created directory at: artifacts/data_ingestion/webcam_images]
[2023-06-06 16:05:31,950] : [root] : [INFO] : [created directory at: artifacts/data_ingestion/decode_images]
[2023-06-06 16:05:31,951] : [root] : [INFO] : [created directory at: artifacts/data_ingestion/unknown_images]
[2023-06-06 16:05:32,116] : [matplotlib] : [DEBUG] : [matplotlib data path: C:\Users\Zeeshan.khan\AppData\Local\anaconda3\envs\flora\lib\site-packages\matplotlib\mpl-data]
[2023-06-06 16:05:32,125] : [matplotlib] : [DEBUG] : [CONFIGDIR=C:\Users\Zeeshan.khan\.matplotlib]
[2023-06-06 16:05:32,129] : [matplotlib] : [DEBUG] : [interactive is False]
[2023-06-06 16:05:32,130] : [matplotlib] : [DEBUG] : [platform is win32]
[2023-06-06 16:05:32,197] : [matplotlib] : [DEBUG] : [CACHEDIR=C:\Users\Zeeshan.khan\.matplotlib]
[2023-06-06 16:05:32,201] : [matplotlib.font_manager] : [DEBUG] : [Using fontManager instance from C:\Users\Zeeshan.khan\.matplotlib\fontlist-v330.json]
[2023-06-06 16:05:33,807] : [root] : [INFO] : [yaml file: configs\config.yaml loaded successfully]
[2023-06-06 16:05:33,809] : [root] : [INFO] : [created directory at: artifacts]
[2023-06-06 16:05:33,809] : [root] : [INFO] : [created directory at: artifacts/data_ingestion]
[2023-06-06 16:05:33,811] : [root] : [INFO] : [created directory at: artifacts/data_ingestion/crop_images]
[2023-06-06 16:05:33,812] : [root] : [INFO] : [created directory at: artifacts/data_ingestion/images]
[2023-06-06 16:05:33,813] : [root] : [INFO] : [created directory at: artifacts/data_ingestion/webcam_images]
[2023-06-06 16:05:33,813] : [root] : [INFO] : [created directory at: artifacts/data_ingestion/decode_images]
[2023-06-06 16:05:33,814] : [root] : [INFO] : [created directory at: artifacts/data_ingestion/unknown_images]
[2023-06-06 16:33:31,868] : [root] : [INFO] : [yaml file: configs\config.yaml loaded successfully]
[2023-06-06 16:33:31,869] : [root] : [INFO] : [created directory at: artifacts]
[2023-06-06 16:33:31,870] : [root] : [INFO] : [created directory at: artifacts/data_ingestion]
[2023-06-06 16:33:31,870] : [root] : [INFO] : [created directory at: artifacts/data_ingestion/crop_images]
[2023-06-06 16:33:31,871] : [root] : [INFO] : [created directory at: artifacts/data_ingestion/images]
[2023-06-06 16:33:31,872] : [root] : [INFO] : [created directory at: artifacts/data_ingestion/webcam_images]
[2023-06-06 16:33:31,872] : [root] : [INFO] : [created directory at: artifacts/data_ingestion/decode_images]
[2023-06-06 16:33:31,873] : [root] : [INFO] : [created directory at: artifacts/data_ingestion/unknown_images]
[2023-06-06 16:33:32,444] : [matplotlib] : [DEBUG] : [matplotlib data path: C:\Users\Zeeshan.khan\AppData\Local\anaconda3\lib\site-packages\matplotlib\mpl-data]
[2023-06-06 16:33:32,456] : [matplotlib] : [DEBUG] : [CONFIGDIR=C:\Users\Zeeshan.khan\.matplotlib]
[2023-06-06 16:33:32,458] : [matplotlib] : [DEBUG] : [interactive is False]
[2023-06-06 16:33:32,459] : [matplotlib] : [DEBUG] : [platform is win32]
[2023-06-06 16:33:32,601] : [matplotlib] : [DEBUG] : [CACHEDIR=C:\Users\Zeeshan.khan\.matplotlib]
[2023-06-06 16:33:32,614] : [matplotlib.font_manager] : [DEBUG] : [Using fontManager instance from C:\Users\Zeeshan.khan\.matplotlib\fontlist-v330.json]
[2023-06-06 16:33:34,534] : [root] : [INFO] : [yaml file: configs\config.yaml loaded successfully]
[2023-06-06 16:33:34,535] : [root] : [INFO] : [created directory at: artifacts]
[2023-06-06 16:33:34,536] : [root] : [INFO] : [created directory at: artifacts/data_ingestion]
[2023-06-06 16:33:34,536] : [root] : [INFO] : [created directory at: artifacts/data_ingestion/crop_images]
[2023-06-06 16:33:34,537] : [root] : [INFO] : [created directory at: artifacts/data_ingestion/images]
[2023-06-06 16:33:34,537] : [root] : [INFO] : [created directory at: artifacts/data_ingestion/webcam_images]
[2023-06-06 16:33:34,538] : [root] : [INFO] : [created directory at: artifacts/data_ingestion/decode_images]
[2023-06-06 16:33:34,539] : [root] : [INFO] : [created directory at: artifacts/data_ingestion/unknown_images]
